INITIALA: ('q0', 'q1', 'q6', 'q7')

FINALE: ('q0', 'q1', 'q6', 'q7'), ('q9',), ('q11',), ('q1', 'q6', 'q7')

('q0', 'q1', 'q6', 'q7') (a)--> ('q2', 'q8')
('q0', 'q1', 'q6', 'q7') (b)--> ()
('q0', 'q1', 'q6', 'q7') (c)--> ('q10', 'q4')

('q2', 'q8') (a)--> ()
('q2', 'q8') (b)--> ('q3',)
('q2', 'q8') (c)--> ('q9',)

('q10', 'q4') (a)--> ('q11',)
('q10', 'q4') (b)--> ('q5',)
('q10', 'q4') (c)--> ()

('q3',) (a)--> ('q1', 'q6', 'q7')
('q3',) (b)--> ()
('q3',) (c)--> ()

('q9',) (a)--> ()
('q9',) (b)--> ()
('q9',) (c)--> ()

('q11',) (a)--> ()
('q11',) (b)--> ()
('q11',) (c)--> ()

('q5',) (a)--> ()
('q5',) (b)--> ()
('q5',) (c)--> ('q1', 'q6', 'q7')

('q1', 'q6', 'q7') (a)--> ('q2', 'q8')
('q1', 'q6', 'q7') (b)--> ()
('q1', 'q6', 'q7') (c)--> ('q10', 'q4')

